

Started GET "/" for ::1 at 2015-06-18 13:33:40 +0700
Processing by PostsController#index as HTML
  Rendered posts/index.html.erb within layouts/application (1.6ms)
Completed 200 OK in 1593ms (Views: 1582.8ms | ActiveRecord: 0.0ms)


Started GET "/" for ::1 at 2015-06-18 13:33:42 +0700
Processing by PostsController#index as HTML
  Rendered posts/index.html.erb within layouts/application (0.0ms)
Completed 200 OK in 24ms (Views: 23.8ms | ActiveRecord: 0.0ms)


Started GET "/assets/application.self-e80e8f2318043e8af94dddc2adad5a4f09739a8ebb323b3ab31cd71d45fd9113.css?body=1" for ::1 at 2015-06-18 13:33:42 +0700


Started GET "/assets/posts.self-877aef30ae1b040ab8a3aba4e3e309a11d7f2612f44dde450b5c157aa5f95c05.js?body=1" for ::1 at 2015-06-18 13:33:42 +0700


Started GET "/assets/application.self-3b8dabdc891efe46b9a144b400ad69e37d7e5876bdc39dee783419a69d7ca819.js?body=1" for ::1 at 2015-06-18 13:33:42 +0700


Started GET "/assets/posts.self-e3b0c44298fc1c149afbf4c8996fb92427ae41e4649b934ca495991b7852b855.css?body=1" for ::1 at 2015-06-18 13:33:42 +0700


Started GET "/" for ::1 at 2015-06-18 13:39:47 +0700
Processing by PostsController#index as HTML
  Rendered posts/index.html.erb within layouts/application (0.1ms)
Completed 200 OK in 35ms (Views: 34.1ms | ActiveRecord: 0.0ms)


Started GET "/" for ::1 at 2015-06-18 13:40:16 +0700
Processing by PostsController#index as HTML
  Rendered posts/index.html.erb within layouts/application (0.1ms)
Completed 200 OK in 78ms (Views: 77.7ms | ActiveRecord: 0.0ms)


Started GET "/users/post" for ::1 at 2015-06-18 13:40:21 +0700

ActionController::RoutingError (No route matches [GET] "/users/post"):
  actionpack (4.2.1) lib/action_dispatch/middleware/debug_exceptions.rb:21:in `call'
  web-console (2.1.3) lib/web_console/middleware.rb:37:in `call'
  actionpack (4.2.1) lib/action_dispatch/middleware/show_exceptions.rb:30:in `call'
  railties (4.2.1) lib/rails/rack/logger.rb:38:in `call_app'
  railties (4.2.1) lib/rails/rack/logger.rb:20:in `block in call'
  activesupport (4.2.1) lib/active_support/tagged_logging.rb:68:in `block in tagged'
  activesupport (4.2.1) lib/active_support/tagged_logging.rb:26:in `tagged'
  activesupport (4.2.1) lib/active_support/tagged_logging.rb:68:in `tagged'
  railties (4.2.1) lib/rails/rack/logger.rb:20:in `call'
  actionpack (4.2.1) lib/action_dispatch/middleware/request_id.rb:21:in `call'
  rack (1.6.2) lib/rack/methodoverride.rb:22:in `call'
  rack (1.6.2) lib/rack/runtime.rb:18:in `call'
  activesupport (4.2.1) lib/active_support/cache/strategy/local_cache_middleware.rb:28:in `call'
  rack (1.6.2) lib/rack/lock.rb:17:in `call'
  actionpack (4.2.1) lib/action_dispatch/middleware/static.rb:113:in `call'
  rack (1.6.2) lib/rack/sendfile.rb:113:in `call'
  railties (4.2.1) lib/rails/engine.rb:518:in `call'
  railties (4.2.1) lib/rails/application.rb:164:in `call'
  rack (1.6.2) lib/rack/lock.rb:17:in `call'
  rack (1.6.2) lib/rack/content_length.rb:15:in `call'
  rack (1.6.2) lib/rack/handler/webrick.rb:88:in `service'
  /Users/JindoKuyo/.rvm/rubies/ruby-2.2.1/lib/ruby/2.2.0/webrick/httpserver.rb:138:in `service'
  /Users/JindoKuyo/.rvm/rubies/ruby-2.2.1/lib/ruby/2.2.0/webrick/httpserver.rb:94:in `run'
  /Users/JindoKuyo/.rvm/rubies/ruby-2.2.1/lib/ruby/2.2.0/webrick/server.rb:294:in `block in start_thread'


  Rendered /Users/JindoKuyo/.rvm/gems/ruby-2.2.1/gems/actionpack-4.2.1/lib/action_dispatch/middleware/templates/rescues/_trace.html.erb (1.3ms)
  Rendered /Users/JindoKuyo/.rvm/gems/ruby-2.2.1/gems/actionpack-4.2.1/lib/action_dispatch/middleware/templates/routes/_route.html.erb (1.0ms)
  Rendered /Users/JindoKuyo/.rvm/gems/ruby-2.2.1/gems/actionpack-4.2.1/lib/action_dispatch/middleware/templates/routes/_table.html.erb (7.9ms)
  Rendered /Users/JindoKuyo/.rvm/gems/ruby-2.2.1/gems/actionpack-4.2.1/lib/action_dispatch/middleware/templates/rescues/_request_and_response.html.erb (1.7ms)
  Rendered /Users/JindoKuyo/.rvm/gems/ruby-2.2.1/gems/actionpack-4.2.1/lib/action_dispatch/middleware/templates/rescues/routing_error.html.erb within rescues/layout (93.6ms)
  Rendered /Users/JindoKuyo/.rvm/gems/ruby-2.2.1/gems/web-console-2.1.3/lib/web_console/templates/_markup.html.erb (0.7ms)
  Rendered /Users/JindoKuyo/.rvm/gems/ruby-2.2.1/gems/web-console-2.1.3/lib/web_console/templates/style.css.erb within layouts/inlined_string (0.3ms)
  Rendered /Users/JindoKuyo/.rvm/gems/ruby-2.2.1/gems/web-console-2.1.3/lib/web_console/templates/_inner_console_markup.html.erb within layouts/inlined_string (0.4ms)
  Rendered /Users/JindoKuyo/.rvm/gems/ruby-2.2.1/gems/web-console-2.1.3/lib/web_console/templates/_prompt_box_markup.html.erb within layouts/inlined_string (0.3ms)
  Rendered /Users/JindoKuyo/.rvm/gems/ruby-2.2.1/gems/web-console-2.1.3/lib/web_console/templates/console.js.erb within layouts/javascript (44.5ms)
  Rendered /Users/JindoKuyo/.rvm/gems/ruby-2.2.1/gems/web-console-2.1.3/lib/web_console/templates/main.js.erb within layouts/javascript (0.4ms)
  Rendered /Users/JindoKuyo/.rvm/gems/ruby-2.2.1/gems/web-console-2.1.3/lib/web_console/templates/error_page.js.erb within layouts/javascript (0.7ms)
  Rendered /Users/JindoKuyo/.rvm/gems/ruby-2.2.1/gems/web-console-2.1.3/lib/web_console/templates/index.html.erb (124.9ms)


Started GET "/post/new" for ::1 at 2015-06-18 13:40:31 +0700

ActionController::RoutingError (No route matches [GET] "/post/new"):
  actionpack (4.2.1) lib/action_dispatch/middleware/debug_exceptions.rb:21:in `call'
  web-console (2.1.3) lib/web_console/middleware.rb:37:in `call'
  actionpack (4.2.1) lib/action_dispatch/middleware/show_exceptions.rb:30:in `call'
  railties (4.2.1) lib/rails/rack/logger.rb:38:in `call_app'
  railties (4.2.1) lib/rails/rack/logger.rb:20:in `block in call'
  activesupport (4.2.1) lib/active_support/tagged_logging.rb:68:in `block in tagged'
  activesupport (4.2.1) lib/active_support/tagged_logging.rb:26:in `tagged'
  activesupport (4.2.1) lib/active_support/tagged_logging.rb:68:in `tagged'
  railties (4.2.1) lib/rails/rack/logger.rb:20:in `call'
  actionpack (4.2.1) lib/action_dispatch/middleware/request_id.rb:21:in `call'
  rack (1.6.2) lib/rack/methodoverride.rb:22:in `call'
  rack (1.6.2) lib/rack/runtime.rb:18:in `call'
  activesupport (4.2.1) lib/active_support/cache/strategy/local_cache_middleware.rb:28:in `call'
  rack (1.6.2) lib/rack/lock.rb:17:in `call'
  actionpack (4.2.1) lib/action_dispatch/middleware/static.rb:113:in `call'
  rack (1.6.2) lib/rack/sendfile.rb:113:in `call'
  railties (4.2.1) lib/rails/engine.rb:518:in `call'
  railties (4.2.1) lib/rails/application.rb:164:in `call'
  rack (1.6.2) lib/rack/lock.rb:17:in `call'
  rack (1.6.2) lib/rack/content_length.rb:15:in `call'
  rack (1.6.2) lib/rack/handler/webrick.rb:88:in `service'
  /Users/JindoKuyo/.rvm/rubies/ruby-2.2.1/lib/ruby/2.2.0/webrick/httpserver.rb:138:in `service'
  /Users/JindoKuyo/.rvm/rubies/ruby-2.2.1/lib/ruby/2.2.0/webrick/httpserver.rb:94:in `run'
  /Users/JindoKuyo/.rvm/rubies/ruby-2.2.1/lib/ruby/2.2.0/webrick/server.rb:294:in `block in start_thread'


  Rendered /Users/JindoKuyo/.rvm/gems/ruby-2.2.1/gems/actionpack-4.2.1/lib/action_dispatch/middleware/templates/rescues/_trace.html.erb (3.7ms)
  Rendered /Users/JindoKuyo/.rvm/gems/ruby-2.2.1/gems/actionpack-4.2.1/lib/action_dispatch/middleware/templates/routes/_route.html.erb (3.4ms)
  Rendered /Users/JindoKuyo/.rvm/gems/ruby-2.2.1/gems/actionpack-4.2.1/lib/action_dispatch/middleware/templates/routes/_table.html.erb (3.8ms)
  Rendered /Users/JindoKuyo/.rvm/gems/ruby-2.2.1/gems/actionpack-4.2.1/lib/action_dispatch/middleware/templates/rescues/_request_and_response.html.erb (4.6ms)
  Rendered /Users/JindoKuyo/.rvm/gems/ruby-2.2.1/gems/actionpack-4.2.1/lib/action_dispatch/middleware/templates/rescues/routing_error.html.erb within rescues/layout (77.9ms)
  Rendered /Users/JindoKuyo/.rvm/gems/ruby-2.2.1/gems/web-console-2.1.3/lib/web_console/templates/_markup.html.erb (0.4ms)
  Rendered /Users/JindoKuyo/.rvm/gems/ruby-2.2.1/gems/web-console-2.1.3/lib/web_console/templates/style.css.erb within layouts/inlined_string (0.4ms)
  Rendered /Users/JindoKuyo/.rvm/gems/ruby-2.2.1/gems/web-console-2.1.3/lib/web_console/templates/_inner_console_markup.html.erb within layouts/inlined_string (0.5ms)
  Rendered /Users/JindoKuyo/.rvm/gems/ruby-2.2.1/gems/web-console-2.1.3/lib/web_console/templates/_prompt_box_markup.html.erb within layouts/inlined_string (0.4ms)
  Rendered /Users/JindoKuyo/.rvm/gems/ruby-2.2.1/gems/web-console-2.1.3/lib/web_console/templates/console.js.erb within layouts/javascript (42.4ms)
  Rendered /Users/JindoKuyo/.rvm/gems/ruby-2.2.1/gems/web-console-2.1.3/lib/web_console/templates/main.js.erb within layouts/javascript (0.4ms)
  Rendered /Users/JindoKuyo/.rvm/gems/ruby-2.2.1/gems/web-console-2.1.3/lib/web_console/templates/error_page.js.erb within layouts/javascript (0.7ms)
  Rendered /Users/JindoKuyo/.rvm/gems/ruby-2.2.1/gems/web-console-2.1.3/lib/web_console/templates/index.html.erb (95.5ms)


Started GET "/posts/new" for ::1 at 2015-06-18 13:40:38 +0700
Processing by PostsController#new as HTML
  Rendered posts/new.html.erb within layouts/application (27.9ms)
Completed 500 Internal Server Error in 33ms (ActiveRecord: 0.0ms)

ActionView::Template::Error (wrong number of arguments (0 for 1..2)):
     8: 
     9:     <p>
    10:       <%= f.label :body %><br>
    11:       <%= f.text_area %>
    12:     </p>
    13: 
    14:     <p>
  app/views/posts/new.html.erb:11:in `block in _app_views_posts_new_html_erb__4234238904669385501_70236114963980'
  app/views/posts/new.html.erb:3:in `_app_views_posts_new_html_erb__4234238904669385501_70236114963980'


  Rendered /Users/JindoKuyo/.rvm/gems/ruby-2.2.1/gems/actionpack-4.2.1/lib/action_dispatch/middleware/templates/rescues/_source.erb (8.6ms)
  Rendered /Users/JindoKuyo/.rvm/gems/ruby-2.2.1/gems/actionpack-4.2.1/lib/action_dispatch/middleware/templates/rescues/_trace.html.erb (4.3ms)
  Rendered /Users/JindoKuyo/.rvm/gems/ruby-2.2.1/gems/actionpack-4.2.1/lib/action_dispatch/middleware/templates/rescues/_request_and_response.html.erb (1.1ms)
  Rendered /Users/JindoKuyo/.rvm/gems/ruby-2.2.1/gems/actionpack-4.2.1/lib/action_dispatch/middleware/templates/rescues/template_error.html.erb within rescues/layout (54.5ms)
  Rendered /Users/JindoKuyo/.rvm/gems/ruby-2.2.1/gems/web-console-2.1.3/lib/web_console/templates/_markup.html.erb (0.6ms)
  Rendered /Users/JindoKuyo/.rvm/gems/ruby-2.2.1/gems/web-console-2.1.3/lib/web_console/templates/style.css.erb within layouts/inlined_string (0.4ms)
  Rendered /Users/JindoKuyo/.rvm/gems/ruby-2.2.1/gems/web-console-2.1.3/lib/web_console/templates/_inner_console_markup.html.erb within layouts/inlined_string (0.4ms)
  Rendered /Users/JindoKuyo/.rvm/gems/ruby-2.2.1/gems/web-console-2.1.3/lib/web_console/templates/_prompt_box_markup.html.erb within layouts/inlined_string (0.4ms)
  Rendered /Users/JindoKuyo/.rvm/gems/ruby-2.2.1/gems/web-console-2.1.3/lib/web_console/templates/console.js.erb within layouts/javascript (39.3ms)
  Rendered /Users/JindoKuyo/.rvm/gems/ruby-2.2.1/gems/web-console-2.1.3/lib/web_console/templates/main.js.erb within layouts/javascript (0.4ms)
  Rendered /Users/JindoKuyo/.rvm/gems/ruby-2.2.1/gems/web-console-2.1.3/lib/web_console/templates/error_page.js.erb within layouts/javascript (0.3ms)
  Rendered /Users/JindoKuyo/.rvm/gems/ruby-2.2.1/gems/web-console-2.1.3/lib/web_console/templates/index.html.erb (91.6ms)


Started GET "/posts/new" for ::1 at 2015-06-18 13:40:53 +0700
Processing by PostsController#new as HTML
  Rendered posts/new.html.erb within layouts/application (3.0ms)
Completed 200 OK in 37ms (Views: 36.3ms | ActiveRecord: 0.0ms)


Started GET "/assets/jquery.self-d03a5518f45df77341bdbe6201ba3bfa547ebba8ed64f0ea56bfa5f96ea7c074.js?body=1" for ::1 at 2015-06-18 13:40:54 +0700


Started GET "/assets/application.self-e80e8f2318043e8af94dddc2adad5a4f09739a8ebb323b3ab31cd71d45fd9113.css?body=1" for ::1 at 2015-06-18 13:40:54 +0700


Started GET "/assets/posts.self-e3b0c44298fc1c149afbf4c8996fb92427ae41e4649b934ca495991b7852b855.css?body=1" for ::1 at 2015-06-18 13:40:54 +0700


Started GET "/assets/turbolinks.self-c37727e9bd6b2735da5c311aa83fead54ed0be6cc8bd9a65309e9c5abe2cbfff.js?body=1" for ::1 at 2015-06-18 13:40:54 +0700


Started GET "/assets/posts.self-877aef30ae1b040ab8a3aba4e3e309a11d7f2612f44dde450b5c157aa5f95c05.js?body=1" for ::1 at 2015-06-18 13:40:54 +0700


Started GET "/assets/jquery_ujs.self-ca5248a2fad13d6bd58ea121318d642f195f0b2dd818b30615f785ff365e8d1f.js?body=1" for ::1 at 2015-06-18 13:40:54 +0700


Started GET "/assets/application.self-3b8dabdc891efe46b9a144b400ad69e37d7e5876bdc39dee783419a69d7ca819.js?body=1" for ::1 at 2015-06-18 13:40:54 +0700
  [1m[36m (2.0ms)[0m  [1mCREATE TABLE "schema_migrations" ("version" varchar NOT NULL) [0m
  [1m[35m (3.2ms)[0m  select sqlite_version(*)
  [1m[36m (1.2ms)[0m  [1mCREATE UNIQUE INDEX "unique_schema_migrations" ON "schema_migrations" ("version")[0m
  [1m[35mActiveRecord::SchemaMigration Load (1.1ms)[0m  SELECT "schema_migrations".* FROM "schema_migrations"
Migrating to CreatePosts (20150618064231)
  [1m[36m (0.2ms)[0m  [1mbegin transaction[0m
  [1m[35m (1.9ms)[0m  CREATE TABLE "posts" ("id" INTEGER PRIMARY KEY AUTOINCREMENT NOT NULL, "title" varchar, "body" text, "created_at" datetime NOT NULL, "updated_at" datetime NOT NULL) 
  [1m[36mSQL (3.2ms)[0m  [1mINSERT INTO "schema_migrations" ("version") VALUES (?)[0m  [["version", "20150618064231"]]
  [1m[35m (1.6ms)[0m  commit transaction
  [1m[36mActiveRecord::SchemaMigration Load (0.3ms)[0m  [1mSELECT "schema_migrations".* FROM "schema_migrations"[0m


Started GET "/" for ::1 at 2015-06-18 13:47:52 +0700
  [1m[36mActiveRecord::SchemaMigration Load (0.1ms)[0m  [1mSELECT "schema_migrations".* FROM "schema_migrations"[0m
Processing by PostsController#index as HTML
  Rendered posts/index.html.erb within layouts/application (0.1ms)
Completed 200 OK in 34ms (Views: 33.0ms | ActiveRecord: 0.0ms)


Started GET "/posts/new" for ::1 at 2015-06-18 14:00:19 +0700
  [1m[36mActiveRecord::SchemaMigration Load (0.5ms)[0m  [1mSELECT "schema_migrations".* FROM "schema_migrations"[0m
Processing by PostsController#new as HTML
  Rendered posts/new.html.erb within layouts/application (20.8ms)
Completed 200 OK in 231ms (Views: 222.2ms | ActiveRecord: 0.0ms)


Started POST "/posts" for ::1 at 2015-06-18 14:00:36 +0700
Processing by PostsController#create as HTML
  Parameters: {"utf8"=>"✓", "authenticity_token"=>"AL6kNiE3mUMvDNDfhWSsoqNXURSHQjmembMB0FLOmpgXd549yKzSK1UjkovRBxR1b28svXPZ+C93uQYXTUX6jA==", "post"=>{"title"=>"Bài viết 1", "body"=>"Nội dung bài viết 1"}, "commit"=>"Save Post"}
  [1m[35m (0.1ms)[0m  begin transaction
  [1m[36mSQL (1.5ms)[0m  [1mINSERT INTO "posts" ("title", "body", "created_at", "updated_at") VALUES (?, ?, ?, ?)[0m  [["title", "Bài viết 1"], ["body", "Nội dung bài viết 1"], ["created_at", "2015-06-18 07:00:36.193312"], ["updated_at", "2015-06-18 07:00:36.193312"]]
  [1m[35m (0.8ms)[0m  commit transaction
Redirected to http://localhost:3000/posts/1
Completed 302 Found in 17ms (ActiveRecord: 2.7ms)


Started GET "/posts/1" for ::1 at 2015-06-18 14:00:36 +0700
Processing by PostsController#show as HTML
  Parameters: {"id"=>"1"}
  [1m[36mPost Load (0.2ms)[0m  [1mSELECT  "posts".* FROM "posts" WHERE "posts"."id" = ? LIMIT 1[0m  [["id", 1]]
  Rendered posts/show.html.erb within layouts/application (1.0ms)
Completed 200 OK in 37ms (Views: 26.6ms | ActiveRecord: 0.2ms)


Started GET "/posts/1" for ::1 at 2015-06-18 14:05:13 +0700
Processing by PostsController#show as HTML
  Parameters: {"id"=>"1"}
  [1m[35mPost Load (0.1ms)[0m  SELECT  "posts".* FROM "posts" WHERE "posts"."id" = ? LIMIT 1  [["id", 1]]
  Rendered posts/show.html.erb within layouts/application (0.4ms)
Completed 200 OK in 40ms (Views: 33.5ms | ActiveRecord: 0.6ms)


Started GET "/assets/posts.self-e3b0c44298fc1c149afbf4c8996fb92427ae41e4649b934ca495991b7852b855.css?body=1" for ::1 at 2015-06-18 14:05:13 +0700


Started GET "/assets/turbolinks.self-c37727e9bd6b2735da5c311aa83fead54ed0be6cc8bd9a65309e9c5abe2cbfff.js?body=1" for ::1 at 2015-06-18 14:05:13 +0700


Started GET "/assets/jquery_ujs.self-ca5248a2fad13d6bd58ea121318d642f195f0b2dd818b30615f785ff365e8d1f.js?body=1" for ::1 at 2015-06-18 14:05:13 +0700


Started GET "/assets/jquery.self-d03a5518f45df77341bdbe6201ba3bfa547ebba8ed64f0ea56bfa5f96ea7c074.js?body=1" for ::1 at 2015-06-18 14:05:13 +0700


Started GET "/assets/application.self-e80e8f2318043e8af94dddc2adad5a4f09739a8ebb323b3ab31cd71d45fd9113.css?body=1" for ::1 at 2015-06-18 14:05:13 +0700


Started GET "/assets/posts.self-877aef30ae1b040ab8a3aba4e3e309a11d7f2612f44dde450b5c157aa5f95c05.js?body=1" for ::1 at 2015-06-18 14:05:13 +0700


Started GET "/assets/application.self-3b8dabdc891efe46b9a144b400ad69e37d7e5876bdc39dee783419a69d7ca819.js?body=1" for ::1 at 2015-06-18 14:05:13 +0700


Started GET "/" for ::1 at 2015-06-18 14:05:16 +0700
Processing by PostsController#index as HTML
  [1m[36mPost Load (0.2ms)[0m  [1mSELECT "posts".* FROM "posts"  ORDER BY created_at DESC[0m
  Rendered posts/index.html.erb within layouts/application (2.2ms)
Completed 200 OK in 31ms (Views: 30.1ms | ActiveRecord: 0.2ms)


Started GET "/posts/1" for ::1 at 2015-06-18 14:05:17 +0700
Processing by PostsController#show as HTML
  Parameters: {"id"=>"1"}
  [1m[35mPost Load (0.1ms)[0m  SELECT  "posts".* FROM "posts" WHERE "posts"."id" = ? LIMIT 1  [["id", 1]]
  Rendered posts/show.html.erb within layouts/application (0.6ms)
Completed 200 OK in 25ms (Views: 24.3ms | ActiveRecord: 0.1ms)


Started POST "/posts" for ::1 at 2015-06-18 14:05:26 +0700
Processing by PostsController#create as HTML
  Parameters: {"utf8"=>"✓", "authenticity_token"=>"AL6kNiE3mUMvDNDfhWSsoqNXURSHQjmembMB0FLOmpgXd549yKzSK1UjkovRBxR1b28svXPZ+C93uQYXTUX6jA==", "post"=>{"title"=>"Bài viết 2", "body"=>"Nội dung bài viết 2"}, "commit"=>"Save Post"}
  [1m[36m (0.1ms)[0m  [1mbegin transaction[0m
  [1m[35mSQL (0.5ms)[0m  INSERT INTO "posts" ("title", "body", "created_at", "updated_at") VALUES (?, ?, ?, ?)  [["title", "Bài viết 2"], ["body", "Nội dung bài viết 2"], ["created_at", "2015-06-18 07:05:26.400186"], ["updated_at", "2015-06-18 07:05:26.400186"]]
  [1m[36m (0.7ms)[0m  [1mcommit transaction[0m
Redirected to http://localhost:3000/posts/2
Completed 302 Found in 6ms (ActiveRecord: 1.3ms)


Started GET "/posts/2" for ::1 at 2015-06-18 14:05:26 +0700
Processing by PostsController#show as HTML
  Parameters: {"id"=>"2"}
  [1m[35mPost Load (0.1ms)[0m  SELECT  "posts".* FROM "posts" WHERE "posts"."id" = ? LIMIT 1  [["id", 2]]
  Rendered posts/show.html.erb within layouts/application (0.2ms)
Completed 200 OK in 27ms (Views: 25.8ms | ActiveRecord: 0.1ms)


Started GET "/" for ::1 at 2015-06-18 14:05:29 +0700
Processing by PostsController#index as HTML
  [1m[36mPost Load (0.2ms)[0m  [1mSELECT "posts".* FROM "posts"  ORDER BY created_at DESC[0m
  Rendered posts/index.html.erb within layouts/application (1.7ms)
Completed 200 OK in 28ms (Views: 27.4ms | ActiveRecord: 0.2ms)


Started GET "/posts/2" for ::1 at 2015-06-18 14:05:31 +0700
Processing by PostsController#show as HTML
  Parameters: {"id"=>"2"}
  [1m[35mPost Load (0.1ms)[0m  SELECT  "posts".* FROM "posts" WHERE "posts"."id" = ? LIMIT 1  [["id", 2]]
  Rendered posts/show.html.erb within layouts/application (0.2ms)
Completed 200 OK in 26ms (Views: 24.8ms | ActiveRecord: 0.1ms)
